1705172261.607987 client started (10255): version 3.3a, socket /tmp/tmux-1000/default, protocol 8
1705172261.608009 on Linux 6.1.70-1-lts #1 SMP PREEMPT_DYNAMIC Mon, 01 Jan 2024 13:44:01 +0000
1705172261.608012 using libevent 2.1.12-stable (poll); ncurses 6.4
1705172261.608021 flags are 0x18010000
1705172261.608024 socket is /tmp/tmux-1000/default
1705172261.608033 trying connect
1705172261.608043 connect failed: Connection refused
1705172261.608050 lock file is /tmp/tmux-1000/default.lock
1705172261.608060 flock succeeded
1705172261.608063 got lock (6)
1705172261.608066 trying connect
1705172261.608071 connect failed: Connection refused
1705172261.608237 add peer 0x557004599760: 7 ((nil))
1705172261.608440 sending message 100 to peer 0x557004599760 (4 bytes)
1705172261.608445 sending message 111 to peer 0x557004599760 (8 bytes)
1705172261.608448 sending message 101 to peer 0x557004599760 (10 bytes)
1705172261.608451 sending message 109 to peer 0x557004599760 (4 bytes)
1705172261.608454 sending message 102 to peer 0x557004599760 (11 bytes)
1705172261.608456 sending message 108 to peer 0x557004599760 (27 bytes)
1705172261.608459 sending message 112 to peer 0x557004599760 (58 bytes)
1705172261.608462 sending message 112 to peer 0x557004599760 (5 bytes)
1705172261.608465 sending message 112 to peer 0x557004599760 (5 bytes)
1705172261.608468 sending message 112 to peer 0x557004599760 (6 bytes)
1705172261.608471 sending message 112 to peer 0x557004599760 (6 bytes)
1705172261.608473 sending message 112 to peer 0x557004599760 (11 bytes)
1705172261.608476 sending message 112 to peer 0x557004599760 (10 bytes)
1705172261.608479 sending message 112 to peer 0x557004599760 (13 bytes)
1705172261.608482 sending message 112 to peer 0x557004599760 (14 bytes)
1705172261.608485 sending message 112 to peer 0x557004599760 (19 bytes)
1705172261.608488 sending message 112 to peer 0x557004599760 (11 bytes)
1705172261.608491 sending message 112 to peer 0x557004599760 (10 bytes)
1705172261.608493 sending message 112 to peer 0x557004599760 (15 bytes)
1705172261.608496 sending message 112 to peer 0x557004599760 (21 bytes)
1705172261.608499 sending message 112 to peer 0x557004599760 (13 bytes)
1705172261.608502 sending message 112 to peer 0x557004599760 (7 bytes)
1705172261.608504 sending message 112 to peer 0x557004599760 (13 bytes)
1705172261.608508 sending message 112 to peer 0x557004599760 (7 bytes)
1705172261.608511 sending message 112 to peer 0x557004599760 (13 bytes)
1705172261.608514 sending message 112 to peer 0x557004599760 (9 bytes)
1705172261.608516 sending message 112 to peer 0x557004599760 (21 bytes)
1705172261.608519 sending message 112 to peer 0x557004599760 (13 bytes)
1705172261.608522 sending message 112 to peer 0x557004599760 (9 bytes)
1705172261.608524 sending message 112 to peer 0x557004599760 (16 bytes)
1705172261.608527 sending message 112 to peer 0x557004599760 (13 bytes)
1705172261.608530 sending message 112 to peer 0x557004599760 (9 bytes)
1705172261.608533 sending message 112 to peer 0x557004599760 (9 bytes)
1705172261.608536 sending message 112 to peer 0x557004599760 (12 bytes)
1705172261.608539 sending message 112 to peer 0x557004599760 (8 bytes)
1705172261.608542 sending message 112 to peer 0x557004599760 (8 bytes)
1705172261.608545 sending message 112 to peer 0x557004599760 (13 bytes)
1705172261.608547 sending message 112 to peer 0x557004599760 (7 bytes)
1705172261.608550 sending message 112 to peer 0x557004599760 (7 bytes)
1705172261.608553 sending message 112 to peer 0x557004599760 (9 bytes)
1705172261.608555 sending message 112 to peer 0x557004599760 (6 bytes)
1705172261.608558 sending message 112 to peer 0x557004599760 (9 bytes)
1705172261.608561 sending message 112 to peer 0x557004599760 (15 bytes)
1705172261.608564 sending message 112 to peer 0x557004599760 (13 bytes)
1705172261.608567 sending message 112 to peer 0x557004599760 (12 bytes)
1705172261.608570 sending message 112 to peer 0x557004599760 (8 bytes)
1705172261.608573 sending message 112 to peer 0x557004599760 (14 bytes)
1705172261.608575 sending message 112 to peer 0x557004599760 (11 bytes)
1705172261.608582 sending message 112 to peer 0x557004599760 (9 bytes)
1705172261.608585 sending message 112 to peer 0x557004599760 (10 bytes)
1705172261.608588 sending message 112 to peer 0x557004599760 (10 bytes)
1705172261.608591 sending message 112 to peer 0x557004599760 (10 bytes)
1705172261.608594 sending message 112 to peer 0x557004599760 (10 bytes)
1705172261.608597 sending message 112 to peer 0x557004599760 (11 bytes)
1705172261.608600 sending message 112 to peer 0x557004599760 (12 bytes)
1705172261.608603 sending message 112 to peer 0x557004599760 (12 bytes)
1705172261.608606 sending message 112 to peer 0x557004599760 (12 bytes)
1705172261.608608 sending message 112 to peer 0x557004599760 (12 bytes)
1705172261.608611 sending message 112 to peer 0x557004599760 (12 bytes)
1705172261.608614 sending message 112 to peer 0x557004599760 (11 bytes)
1705172261.608617 sending message 112 to peer 0x557004599760 (11 bytes)
1705172261.608620 sending message 112 to peer 0x557004599760 (12 bytes)
1705172261.608623 sending message 112 to peer 0x557004599760 (12 bytes)
1705172261.608625 sending message 112 to peer 0x557004599760 (12 bytes)
1705172261.608628 sending message 112 to peer 0x557004599760 (12 bytes)
1705172261.608631 sending message 112 to peer 0x557004599760 (12 bytes)
1705172261.608634 sending message 112 to peer 0x557004599760 (9 bytes)
1705172261.608637 sending message 112 to peer 0x557004599760 (12 bytes)
1705172261.608640 sending message 112 to peer 0x557004599760 (13 bytes)
1705172261.608643 sending message 112 to peer 0x557004599760 (13 bytes)
1705172261.608645 sending message 112 to peer 0x557004599760 (13 bytes)
1705172261.608648 sending message 112 to peer 0x557004599760 (13 bytes)
1705172261.608651 sending message 112 to peer 0x557004599760 (13 bytes)
1705172261.608653 sending message 112 to peer 0x557004599760 (8 bytes)
1705172261.608657 sending message 112 to peer 0x557004599760 (11 bytes)
1705172261.608660 sending message 112 to peer 0x557004599760 (11 bytes)
1705172261.608662 sending message 112 to peer 0x557004599760 (11 bytes)
1705172261.608665 sending message 112 to peer 0x557004599760 (12 bytes)
1705172261.608668 sending message 112 to peer 0x557004599760 (12 bytes)
1705172261.608671 sending message 112 to peer 0x557004599760 (12 bytes)
1705172261.608674 sending message 112 to peer 0x557004599760 (12 bytes)
1705172261.608677 sending message 112 to peer 0x557004599760 (13 bytes)
1705172261.608680 sending message 112 to peer 0x557004599760 (13 bytes)
1705172261.608682 sending message 112 to peer 0x557004599760 (13 bytes)
1705172261.608685 sending message 112 to peer 0x557004599760 (8 bytes)
1705172261.608688 sending message 112 to peer 0x557004599760 (13 bytes)
1705172261.608691 sending message 112 to peer 0x557004599760 (13 bytes)
1705172261.608694 sending message 112 to peer 0x557004599760 (13 bytes)
1705172261.608697 sending message 112 to peer 0x557004599760 (13 bytes)
1705172261.608699 sending message 112 to peer 0x557004599760 (13 bytes)
1705172261.608702 sending message 112 to peer 0x557004599760 (12 bytes)
1705172261.608705 sending message 112 to peer 0x557004599760 (12 bytes)
1705172261.608708 sending message 112 to peer 0x557004599760 (12 bytes)
1705172261.608711 sending message 112 to peer 0x557004599760 (12 bytes)
1705172261.608714 sending message 112 to peer 0x557004599760 (13 bytes)
1705172261.608717 sending message 112 to peer 0x557004599760 (8 bytes)
1705172261.608720 sending message 112 to peer 0x557004599760 (13 bytes)
1705172261.608722 sending message 112 to peer 0x557004599760 (13 bytes)
1705172261.608725 sending message 112 to peer 0x557004599760 (13 bytes)
1705172261.608728 sending message 112 to peer 0x557004599760 (13 bytes)
1705172261.608731 sending message 112 to peer 0x557004599760 (13 bytes)
1705172261.608734 sending message 112 to peer 0x557004599760 (13 bytes)
1705172261.608737 sending message 112 to peer 0x557004599760 (13 bytes)
1705172261.608740 sending message 112 to peer 0x557004599760 (12 bytes)
1705172261.608743 sending message 112 to peer 0x557004599760 (12 bytes)
1705172261.608748 sending message 112 to peer 0x557004599760 (12 bytes)
1705172261.608751 sending message 112 to peer 0x557004599760 (8 bytes)
1705172261.608754 sending message 112 to peer 0x557004599760 (12 bytes)
1705172261.608756 sending message 112 to peer 0x557004599760 (13 bytes)
1705172261.608760 sending message 112 to peer 0x557004599760 (13 bytes)
1705172261.608770 sending message 112 to peer 0x557004599760 (13 bytes)
1705172261.608773 sending message 112 to peer 0x557004599760 (13 bytes)
1705172261.608775 sending message 112 to peer 0x557004599760 (13 bytes)
1705172261.608778 sending message 112 to peer 0x557004599760 (13 bytes)
1705172261.608781 sending message 112 to peer 0x557004599760 (13 bytes)
1705172261.608784 sending message 112 to peer 0x557004599760 (13 bytes)
1705172261.608787 sending message 112 to peer 0x557004599760 (12 bytes)
1705172261.608790 sending message 112 to peer 0x557004599760 (10 bytes)
1705172261.608792 sending message 112 to peer 0x557004599760 (12 bytes)
1705172261.608795 sending message 112 to peer 0x557004599760 (12 bytes)
1705172261.608798 sending message 112 to peer 0x557004599760 (12 bytes)
1705172261.608802 sending message 112 to peer 0x557004599760 (13 bytes)
1705172261.608805 sending message 112 to peer 0x557004599760 (13 bytes)
1705172261.608807 sending message 112 to peer 0x557004599760 (13 bytes)
1705172261.608810 sending message 112 to peer 0x557004599760 (13 bytes)
1705172261.608813 sending message 112 to peer 0x557004599760 (13 bytes)
1705172261.608816 sending message 112 to peer 0x557004599760 (13 bytes)
1705172261.608820 sending message 112 to peer 0x557004599760 (13 bytes)
1705172261.608823 sending message 112 to peer 0x557004599760 (10 bytes)
1705172261.608825 sending message 112 to peer 0x557004599760 (13 bytes)
1705172261.608828 sending message 112 to peer 0x557004599760 (12 bytes)
1705172261.608831 sending message 112 to peer 0x557004599760 (12 bytes)
1705172261.608834 sending message 112 to peer 0x557004599760 (12 bytes)
1705172261.608837 sending message 112 to peer 0x557004599760 (10 bytes)
1705172261.608840 sending message 112 to peer 0x557004599760 (10 bytes)
1705172261.608843 sending message 112 to peer 0x557004599760 (10 bytes)
1705172261.608846 sending message 112 to peer 0x557004599760 (12 bytes)
1705172261.608849 sending message 112 to peer 0x557004599760 (13 bytes)
1705172261.608852 sending message 112 to peer 0x557004599760 (13 bytes)
1705172261.608855 sending message 112 to peer 0x557004599760 (13 bytes)
1705172261.608858 sending message 112 to peer 0x557004599760 (13 bytes)
1705172261.608861 sending message 112 to peer 0x557004599760 (13 bytes)
1705172261.608864 sending message 112 to peer 0x557004599760 (10 bytes)
1705172261.608867 sending message 112 to peer 0x557004599760 (11 bytes)
1705172261.608870 sending message 112 to peer 0x557004599760 (12 bytes)
1705172261.608873 sending message 112 to peer 0x557004599760 (12 bytes)
1705172261.608876 sending message 112 to peer 0x557004599760 (12 bytes)
1705172261.608879 sending message 112 to peer 0x557004599760 (12 bytes)
1705172261.608882 sending message 112 to peer 0x557004599760 (12 bytes)
1705172261.608885 sending message 112 to peer 0x557004599760 (11 bytes)
1705172261.608888 sending message 112 to peer 0x557004599760 (12 bytes)
1705172261.608891 sending message 112 to peer 0x557004599760 (12 bytes)
1705172261.608894 sending message 112 to peer 0x557004599760 (13 bytes)
1705172261.608897 sending message 112 to peer 0x557004599760 (13 bytes)
1705172261.608900 sending message 112 to peer 0x557004599760 (13 bytes)
1705172261.608903 sending message 112 to peer 0x557004599760 (13 bytes)
1705172261.608906 sending message 112 to peer 0x557004599760 (13 bytes)
1705172261.608909 sending message 112 to peer 0x557004599760 (10 bytes)
1705172261.608912 sending message 112 to peer 0x557004599760 (9 bytes)
1705172261.608915 sending message 112 to peer 0x557004599760 (12 bytes)
1705172261.608918 sending message 112 to peer 0x557004599760 (13 bytes)
1705172261.608921 sending message 112 to peer 0x557004599760 (13 bytes)
1705172261.608926 sending message 112 to peer 0x557004599760 (13 bytes)
1705172261.608929 sending message 112 to peer 0x557004599760 (13 bytes)
1705172261.608932 sending message 112 to peer 0x557004599760 (13 bytes)
1705172261.608935 sending message 112 to peer 0x557004599760 (9 bytes)
1705172261.608938 sending message 112 to peer 0x557004599760 (12 bytes)
1705172261.608941 sending message 112 to peer 0x557004599760 (13 bytes)
1705172261.608944 sending message 112 to peer 0x557004599760 (13 bytes)
1705172261.608947 sending message 112 to peer 0x557004599760 (13 bytes)
1705172261.608950 sending message 112 to peer 0x557004599760 (13 bytes)
1705172261.608953 sending message 112 to peer 0x557004599760 (13 bytes)
1705172261.608956 sending message 112 to peer 0x557004599760 (11 bytes)
1705172261.608959 sending message 112 to peer 0x557004599760 (12 bytes)
1705172261.608962 sending message 112 to peer 0x557004599760 (13 bytes)
1705172261.608965 sending message 112 to peer 0x557004599760 (13 bytes)
1705172261.608968 sending message 112 to peer 0x557004599760 (13 bytes)
1705172261.608971 sending message 112 to peer 0x557004599760 (13 bytes)
1705172261.608974 sending message 112 to peer 0x557004599760 (13 bytes)
1705172261.608977 sending message 112 to peer 0x557004599760 (11 bytes)
1705172261.608980 sending message 112 to peer 0x557004599760 (12 bytes)
1705172261.608982 sending message 112 to peer 0x557004599760 (12 bytes)
1705172261.608985 sending message 112 to peer 0x557004599760 (12 bytes)
1705172261.608989 sending message 112 to peer 0x557004599760 (12 bytes)
1705172261.608991 sending message 112 to peer 0x557004599760 (12 bytes)
1705172261.608994 sending message 112 to peer 0x557004599760 (21 bytes)
1705172261.608997 sending message 112 to peer 0x557004599760 (12 bytes)
1705172261.609000 sending message 112 to peer 0x557004599760 (9 bytes)
1705172261.609003 sending message 112 to peer 0x557004599760 (6 bytes)
1705172261.609006 sending message 112 to peer 0x557004599760 (13 bytes)
1705172261.609009 sending message 112 to peer 0x557004599760 (10 bytes)
1705172261.609012 sending message 112 to peer 0x557004599760 (24 bytes)
1705172261.609015 sending message 112 to peer 0x557004599760 (13 bytes)
1705172261.609018 sending message 112 to peer 0x557004599760 (9 bytes)
1705172261.609021 sending message 112 to peer 0x557004599760 (70 bytes)
1705172261.609024 sending message 112 to peer 0x557004599760 (69 bytes)
1705172261.609027 sending message 112 to peer 0x557004599760 (12 bytes)
1705172261.609031 sending message 112 to peer 0x557004599760 (10 bytes)
1705172261.609033 sending message 112 to peer 0x557004599760 (10 bytes)
1705172261.609036 sending message 112 to peer 0x557004599760 (24 bytes)
1705172261.609039 sending message 112 to peer 0x557004599760 (13 bytes)
1705172261.609042 sending message 112 to peer 0x557004599760 (10 bytes)
1705172261.609045 sending message 112 to peer 0x557004599760 (10 bytes)
1705172261.609048 sending message 112 to peer 0x557004599760 (17 bytes)
1705172261.609051 sending message 112 to peer 0x557004599760 (10 bytes)
1705172261.609054 sending message 112 to peer 0x557004599760 (13 bytes)
1705172261.609057 sending message 112 to peer 0x557004599760 (9 bytes)
1705172261.609060 sending message 112 to peer 0x557004599760 (15 bytes)
1705172261.609063 sending message 112 to peer 0x557004599760 (5 bytes)
1705172261.609066 sending message 104 to peer 0x557004599760 (0 bytes)
1705172261.609069 sending message 110 to peer 0x557004599760 (0 bytes)
1705172261.609075 sending message 107 to peer 0x557004599760 (4 bytes)
1705172261.609078 sending message 105 to peer 0x557004599760 (38 bytes)
1705172261.609081 sending message 105 to peer 0x557004599760 (55 bytes)
1705172261.609084 sending message 105 to peer 0x557004599760 (30 bytes)
1705172261.609087 sending message 105 to peer 0x557004599760 (20 bytes)
1705172261.609090 sending message 105 to peer 0x557004599760 (54 bytes)
1705172261.609093 sending message 105 to peer 0x557004599760 (49 bytes)
1705172261.609096 sending message 105 to peer 0x557004599760 (23 bytes)
1705172261.609101 sending message 105 to peer 0x557004599760 (11 bytes)
1705172261.609103 sending message 105 to peer 0x557004599760 (90 bytes)
1705172261.609106 sending message 105 to peer 0x557004599760 (30 bytes)
1705172261.609110 sending message 105 to peer 0x557004599760 (32 bytes)
1705172261.609113 sending message 105 to peer 0x557004599760 (77 bytes)
1705172261.609115 sending message 105 to peer 0x557004599760 (19 bytes)
1705172261.609118 sending message 105 to peer 0x557004599760 (47 bytes)
1705172261.609121 sending message 105 to peer 0x557004599760 (23 bytes)
1705172261.609124 sending message 105 to peer 0x557004599760 (28 bytes)
1705172261.609127 sending message 105 to peer 0x557004599760 (22 bytes)
1705172261.609130 sending message 105 to peer 0x557004599760 (21 bytes)
1705172261.609133 sending message 105 to peer 0x557004599760 (22 bytes)
1705172261.609136 sending message 105 to peer 0x557004599760 (17 bytes)
1705172261.609139 sending message 105 to peer 0x557004599760 (15 bytes)
1705172261.609142 sending message 105 to peer 0x557004599760 (17 bytes)
1705172261.609145 sending message 105 to peer 0x557004599760 (16 bytes)
1705172261.609148 sending message 105 to peer 0x557004599760 (29 bytes)
1705172261.609151 sending message 105 to peer 0x557004599760 (16 bytes)
1705172261.609154 sending message 105 to peer 0x557004599760 (143 bytes)
1705172261.609157 sending message 105 to peer 0x557004599760 (51 bytes)
1705172261.609160 sending message 105 to peer 0x557004599760 (15 bytes)
1705172261.609163 sending message 105 to peer 0x557004599760 (21 bytes)
1705172261.609166 sending message 105 to peer 0x557004599760 (50 bytes)
1705172261.609168 sending message 105 to peer 0x557004599760 (182 bytes)
1705172261.609172 sending message 105 to peer 0x557004599760 (31 bytes)
1705172261.609175 sending message 105 to peer 0x557004599760 (30 bytes)
1705172261.609178 sending message 105 to peer 0x557004599760 (58 bytes)
1705172261.609181 sending message 105 to peer 0x557004599760 (15 bytes)
1705172261.609184 sending message 105 to peer 0x557004599760 (22 bytes)
1705172261.609187 sending message 105 to peer 0x557004599760 (15 bytes)
1705172261.609190 sending message 105 to peer 0x557004599760 (13 bytes)
1705172261.609193 sending message 105 to peer 0x557004599760 (19 bytes)
1705172261.609196 sending message 105 to peer 0x557004599760 (29 bytes)
1705172261.609199 sending message 105 to peer 0x557004599760 (16 bytes)
1705172261.609201 sending message 105 to peer 0x557004599760 (29 bytes)
1705172261.609205 sending message 105 to peer 0x557004599760 (59 bytes)
1705172261.609207 sending message 105 to peer 0x557004599760 (24 bytes)
1705172261.609210 sending message 105 to peer 0x557004599760 (145 bytes)
1705172261.609213 sending message 105 to peer 0x557004599760 (31 bytes)
1705172261.609216 sending message 105 to peer 0x557004599760 (15 bytes)
1705172261.609218 sending message 105 to peer 0x557004599760 (52 bytes)
1705172261.609222 sending message 105 to peer 0x557004599760 (23 bytes)
1705172261.609224 sending message 105 to peer 0x557004599760 (24 bytes)
1705172261.609227 sending message 105 to peer 0x557004599760 (17 bytes)
1705172261.609230 sending message 105 to peer 0x557004599760 (58 bytes)
1705172261.609233 sending message 105 to peer 0x557004599760 (21 bytes)
1705172261.609236 sending message 105 to peer 0x557004599760 (11 bytes)
1705172261.609238 sending message 105 to peer 0x557004599760 (8 bytes)
1705172261.609243 sending message 105 to peer 0x557004599760 (12 bytes)
1705172261.609246 sending message 105 to peer 0x557004599760 (12 bytes)
1705172261.609249 sending message 105 to peer 0x557004599760 (13 bytes)
1705172261.609252 sending message 105 to peer 0x557004599760 (19 bytes)
1705172261.609255 sending message 105 to peer 0x557004599760 (38 bytes)
1705172261.609258 sending message 105 to peer 0x557004599760 (1817 bytes)
1705172261.609267 sending message 105 to peer 0x557004599760 (19 bytes)
1705172261.609270 sending message 105 to peer 0x557004599760 (20 bytes)
1705172261.609273 sending message 105 to peer 0x557004599760 (18 bytes)
1705172261.609278 sending message 105 to peer 0x557004599760 (16 bytes)
1705172261.609281 sending message 106 to peer 0x557004599760 (0 bytes)
1705172261.609313 cmd_pack_argv: argv[0]=new-session
1705172261.609316 cmd_pack_argv: argv[1]=alx
1705172261.609319 sending message 200 to peer 0x557004599760 (20 bytes)
1705172261.609322 client loop enter
1705172261.609332 client_signal: Child exited
1705172262.107462 peer 0x557004599760 message 207
1705172262.107475 sending message 208 to peer 0x557004599760 (0 bytes)
1705172262.132849 peer 0x557004599760 message 203
1705172262.132865 sending message 205 to peer 0x557004599760 (0 bytes)
1705172262.133049 peer 0x557004599760 message 204
1705172262.133056 client loop exit
